{"message":"Cannot read property 'find' of undefined","level":"error"}
{"message":"Cannot read property 'find' of undefined","level":"error"}
{"message":"Cannot read property 'find' of undefined","level":"error"}
{"message":"Cannot read property 'find' of undefined","level":"error"}
{"message":"Cannot read property 'find' of undefined","level":"error"}
{"message":"Cannot read property 'find' of undefined","level":"error"}
{"message":"Cannot read property 'find' of undefined","level":"error"}
{"message":"Cannot read property 'find' of undefined","level":"error"}
{"message":"Cannot read property 'find' of undefined","level":"error"}
{"message":"Cannot read property 'find' of undefined","level":"error"}
{"message":"Cannot read property 'find' of undefined","level":"error"}
{"message":"TrainingsEvent is not a constructor","level":"error"}
{"message":"TrainingsEvent is not a constructor","level":"error"}
{"message":"Cannot read property 'find' of undefined","level":"error"}
{"message":"TrainingsEvent is not a constructor","level":"error"}
{"message":"TrainingsEvent is not a constructor","level":"error"}
{"message":"Trainings is not a constructor","level":"error"}
{"message":"Cannot read property 'find' of undefined","level":"error"}
{"message":"Trainings is not a constructor","level":"error"}
{"message":"Trainings is not a constructor","level":"error"}
{"message":"Trainings is not a constructor","level":"error"}
{"message":"Cast to ObjectId failed for value \"a0f3e5cc-516c-4859-be3a-0b22632c6c9c\" at path \"_id\" for model \"TrainingsEvent\"","level":"error"}
{"message":"Project.find(...).filter is not a function","level":"error"}
{"message":"Project.filter is not a function","level":"error"}
{"message":"Project.filter is not a function","level":"error"}
{"message":"#<Object> is not a function","level":"error"}
{"message":"Invalid status code: []","level":"error"}
{"message":"object is not iterable (cannot read property Symbol(Symbol.iterator))","level":"error"}
{"message":"today.toDate is not a function","level":"error"}
